<?xml version="1.0" encoding="UTF-8" ?>
<testsuite tests="1" failures="0" name="BookTest" time="0.012" errors="1" skipped="0">
  <properties>
[...]
</properties>
  <testcase classname="BookTest" name="testGetBook" time="0.012">
    <error message="No provider available from registry 127.0.0.1:2181 for service api.UserApi on consumer 192.168.30.21 use dubbo version 2.6.4, please check status of providers(disabled, not registered or in blacklist)." type="com.alibaba.dubbo.rpc.RpcException">com.alibaba.dubbo.rpc.RpcException: No provider available from registry 127.0.0.1:2181 for service api.UserApi on consumer 192.168.30.21 use dubbo version 2.6.4, please check status of providers(disabled, not registered or in blacklist).
	at com.alibaba.dubbo.registry.integration.RegistryDirectory.doList(RegistryDirectory.java:575)
	at com.alibaba.dubbo.rpc.cluster.directory.AbstractDirectory.list(AbstractDirectory.java:74)
	at com.alibaba.dubbo.rpc.cluster.support.AbstractClusterInvoker.list(AbstractClusterInvoker.java:277)
	at com.alibaba.dubbo.rpc.cluster.support.AbstractClusterInvoker.invoke(AbstractClusterInvoker.java:238)
	at com.alibaba.dubbo.rpc.cluster.support.wrapper.MockClusterInvoker.invoke(MockClusterInvoker.java:75)
	at com.alibaba.dubbo.rpc.proxy.InvokerInvocationHandler.invoke(InvokerInvocationHandler.java:52)
	at com.alibaba.dubbo.common.bytecode.proxy0.getUserDTO(proxy0.java)
	at BookTest.testGetBook(BookTest.java:28)
	at sun.reflect.NativeMethodAccessorImpl.invoke0(Native Method)
	at sun.reflect.NativeMethodAccessorImpl.invoke(NativeMethodAccessorImpl.java:62)
	at sun.reflect.DelegatingMethodAccessorImpl.invoke(DelegatingMethodAccessorImpl.java:43)
	at java.lang.reflect.Method.invoke(Method.java:498)
	at org.junit.runners.model.FrameworkMethod$1.runReflectiveCall(FrameworkMethod.java:50)
	at org.junit.internal.runners.model.ReflectiveCallable.run(ReflectiveCallable.java:12)
	at org.junit.runners.model.FrameworkMethod.invokeExplosively(FrameworkMethod.java:47)
	at org.junit.internal.runners.statements.InvokeMethod.evaluate(InvokeMethod.java:17)
	at org.springframework.test.context.junit4.statements.RunBeforeTestMethodCallbacks.evaluate(RunBeforeTestMethodCallbacks.java:75)
	at org.springframework.test.context.junit4.statements.RunAfterTestMethodCallbacks.evaluate(RunAfterTestMethodCallbacks.java:86)
	at org.springframework.test.context.junit4.statements.SpringRepeat.evaluate(SpringRepeat.java:84)
	at org.junit.runners.ParentRunner.runLeaf(ParentRunner.java:325)
	at org.springframework.test.context.junit4.SpringJUnit4ClassRunner.runChild(SpringJUnit4ClassRunner.java:252)
	at org.springframework.test.context.junit4.SpringJUnit4ClassRunner.runChild(SpringJUnit4ClassRunner.java:94)
	at org.junit.runners.ParentRunner$3.run(ParentRunner.java:290)
	at org.junit.runners.ParentRunner$1.schedule(ParentRunner.java:71)
	at org.junit.runners.ParentRunner.runChildren(ParentRunner.java:288)
	at org.junit.runners.ParentRunner.access$000(ParentRunner.java:58)
	at org.junit.runners.ParentRunner$2.evaluate(ParentRunner.java:268)
	at org.springframework.test.context.junit4.statements.RunBeforeTestClassCallbacks.evaluate(RunBeforeTestClassCallbacks.java:61)
	at org.springframework.test.context.junit4.statements.RunAfterTestClassCallbacks.evaluate(RunAfterTestClassCallbacks.java:70)
	at org.junit.runners.ParentRunner.run(ParentRunner.java:363)
	at org.springframework.test.context.junit4.SpringJUnit4ClassRunner.run(SpringJUnit4ClassRunner.java:191)
	at org.apache.maven.surefire.junit4.JUnit4Provider.execute(JUnit4Provider.java:252)
	at org.apache.maven.surefire.junit4.JUnit4Provider.executeTestSet(JUnit4Provider.java:141)
	at org.apache.maven.surefire.junit4.JUnit4Provider.invoke(JUnit4Provider.java:112)
	at sun.reflect.NativeMethodAccessorImpl.invoke0(Native Method)
	at sun.reflect.NativeMethodAccessorImpl.invoke(NativeMethodAccessorImpl.java:62)
	at sun.reflect.DelegatingMethodAccessorImpl.invoke(DelegatingMethodAccessorImpl.java:43)
	at java.lang.reflect.Method.invoke(Method.java:498)
	at org.apache.maven.surefire.util.ReflectionUtils.invokeMethodWithArray(ReflectionUtils.java:189)
	at org.apache.maven.surefire.booter.ProviderFactory$ProviderProxy.invoke(ProviderFactory.java:165)
	at org.apache.maven.surefire.booter.ProviderFactory.invokeProvider(ProviderFactory.java:85)
	at org.apache.maven.surefire.booter.ForkedBooter.runSuitesInProcess(ForkedBooter.java:115)
	at org.apache.maven.surefire.booter.ForkedBooter.main(ForkedBooter.java:75)
</error>
    <system-out>[org.springframework.test.context.support.DefaultTestContextBootstrapper] - Loaded default TestExecutionListener class names from location [META-INF/spring.factories]: [org.springframework.test.context.web.ServletTestExecutionListener, org.springframework.test.context.support.DirtiesContextBeforeModesTestExecutionListener, org.springframework.test.context.support.DependencyInjectionTestExecutionListener, org.springframework.test.context.support.DirtiesContextTestExecutionListener, org.springframework.test.context.transaction.TransactionalTestExecutionListener, org.springframework.test.context.jdbc.SqlScriptsTestExecutionListener]
[org.springframework.test.context.support.DefaultTestContextBootstrapper] - Using TestExecutionListeners: [org.springframework.test.context.web.ServletTestExecutionListener@80503, org.springframework.test.context.support.DirtiesContextBeforeModesTestExecutionListener@4b553d26, org.springframework.test.context.support.DependencyInjectionTestExecutionListener@69a3d1d, org.springframework.test.context.support.DirtiesContextTestExecutionListener@86be70a, org.springframework.test.context.transaction.TransactionalTestExecutionListener@480bdb19, org.springframework.test.context.jdbc.SqlScriptsTestExecutionListener@2a556333]
[org.springframework.beans.factory.xml.XmlBeanDefinitionReader] - Loading XML bean definitions from file [/Users/cuijun/code/repo-personal/ssm-service/target/classes/spring/spring-dao.xml]
[org.springframework.beans.factory.xml.XmlBeanDefinitionReader] - Loading XML bean definitions from file [/Users/cuijun/code/repo-personal/ssm-service/target/classes/spring/spring-dubbo-config.xml]
[com.alibaba.dubbo.common.logger.LoggerFactory] - using logger: com.alibaba.dubbo.common.logger.log4j.Log4jLoggerAdapter
[org.springframework.beans.factory.xml.XmlBeanDefinitionReader] - Loading XML bean definitions from file [/Users/cuijun/code/repo-personal/ssm-service/target/classes/spring/spring-dubbo-consumer.xml]
[org.springframework.beans.factory.xml.XmlBeanDefinitionReader] - Loading XML bean definitions from file [/Users/cuijun/code/repo-personal/ssm-service/target/classes/spring/spring-redis.xml]
[org.springframework.beans.factory.xml.XmlBeanDefinitionReader] - Loading XML bean definitions from file [/Users/cuijun/code/repo-personal/ssm-service/target/classes/spring/spring-service.xml]
[org.springframework.beans.factory.xml.XmlBeanDefinitionReader] - Loading XML bean definitions from file [/Users/cuijun/code/repo-personal/ssm-service/target/classes/spring/spring-web.xml]
[org.springframework.context.support.GenericApplicationContext] - Refreshing org.springframework.context.support.GenericApplicationContext@462d5aee: startup date [Fri Nov 16 15:34:41 CST 2018]; root of context hierarchy
[org.mybatis.spring.mapper.ClassPathMapperScanner] - No MyBatis mapper was found in &apos;[com.joofont.dao]&apos; package. Please check your configuration.
[com.alibaba.dubbo.config.spring.extension.SpringExtensionFactory] -  [DUBBO] No spring extension(bean) named:defaultCompiler, try to find an extension(bean) of type java.lang.String, dubbo version: 2.6.4, current host: 192.168.30.21
[com.alibaba.dubbo.config.spring.extension.SpringExtensionFactory] -  [DUBBO] No spring extension(bean) named:defaultCompiler, type:java.lang.String found, stop get bean., dubbo version: 2.6.4, current host: 192.168.30.21
[org.springframework.web.servlet.mvc.method.annotation.RequestMappingHandlerAdapter] - Looking for @ControllerAdvice: org.springframework.context.support.GenericApplicationContext@462d5aee: startup date [Fri Nov 16 15:34:41 CST 2018]; root of context hierarchy
[org.springframework.web.servlet.mvc.method.annotation.RequestMappingHandlerAdapter] - Looking for @ControllerAdvice: org.springframework.context.support.GenericApplicationContext@462d5aee: startup date [Fri Nov 16 15:34:41 CST 2018]; root of context hierarchy
[com.alibaba.dubbo.qos.server.Server] -  [DUBBO] qos-server bind localhost:22222, dubbo version: 2.6.4, current host: 192.168.30.21
[org.apache.curator.utils.Compatibility] - Running in ZooKeeper 3.4.x compatibility mode
[org.apache.curator.framework.imps.CuratorFrameworkImpl] - Starting
[org.apache.zookeeper.ZooKeeper] - Client environment:zookeeper.version=3.4.10-39d3a4f269333c922ed3db283be479f9deacaa0f, built on 03/23/2017 10:13 GMT
[org.apache.zookeeper.ZooKeeper] - Client environment:host.name=192.168.30.21
[org.apache.zookeeper.ZooKeeper] - Client environment:java.version=1.8.0_181
[org.apache.zookeeper.ZooKeeper] - Client environment:java.vendor=Oracle Corporation
[org.apache.zookeeper.ZooKeeper] - Client environment:java.home=/Library/Java/JavaVirtualMachines/jdk1.8.0_181.jdk/Contents/Home/jre
[org.apache.zookeeper.ZooKeeper] - Client environment:java.class.path=/Users/cuijun/code/repo-personal/ssm-service/target/test-classes:/Users/cuijun/code/repo-personal/ssm-service/target/classes:/Users/cuijun/.m2/repository/com/joofont/ssm-api/1.0-SNAPSHOT/ssm-api-1.0-SNAPSHOT.jar:/Users/cuijun/.m2/repository/org/springframework/spring-core/4.3.11.RELEASE/spring-core-4.3.11.RELEASE.jar:/Users/cuijun/.m2/repository/commons-logging/commons-logging/1.2/commons-logging-1.2.jar:/Users/cuijun/.m2/repository/org/springframework/spring-beans/4.3.11.RELEASE/spring-beans-4.3.11.RELEASE.jar:/Users/cuijun/.m2/repository/org/springframework/spring-context/4.3.11.RELEASE/spring-context-4.3.11.RELEASE.jar:/Users/cuijun/.m2/repository/org/springframework/spring-aop/4.3.11.RELEASE/spring-aop-4.3.11.RELEASE.jar:/Users/cuijun/.m2/repository/org/springframework/spring-expression/4.3.11.RELEASE/spring-expression-4.3.11.RELEASE.jar:/Users/cuijun/.m2/repository/org/springframework/spring-jdbc/4.3.11.RELEASE/spring-jdbc-4.3.11.RELEASE.jar:/Users/cuijun/.m2/repository/org/springframework/spring-tx/4.3.11.RELEASE/spring-tx-4.3.11.RELEASE.jar:/Users/cuijun/.m2/repository/org/springframework/spring-web/4.3.11.RELEASE/spring-web-4.3.11.RELEASE.jar:/Users/cuijun/.m2/repository/org/springframework/spring-webmvc/4.3.11.RELEASE/spring-webmvc-4.3.11.RELEASE.jar:/Users/cuijun/.m2/repository/org/springframework/spring-test/4.3.11.RELEASE/spring-test-4.3.11.RELEASE.jar:/Users/cuijun/.m2/repository/javax/servlet/javax.servlet-api/3.1.0/javax.servlet-api-3.1.0.jar:/Users/cuijun/.m2/repository/com/fasterxml/jackson/core/jackson-databind/2.8.7/jackson-databind-2.8.7.jar:/Users/cuijun/.m2/repository/com/fasterxml/jackson/core/jackson-annotations/2.8.0/jackson-annotations-2.8.0.jar:/Users/cuijun/.m2/repository/com/fasterxml/jackson/core/jackson-core/2.8.7/jackson-core-2.8.7.jar:/Users/cuijun/.m2/repository/commons-collections/commons-collections/3.2/commons-collections-3.2.jar:/Users/cuijun/.m2/repository/org/mybatis/mybatis/3.4.2/mybatis-3.4.2.jar:/Users/cuijun/.m2/repository/org/mybatis/mybatis-spring/1.3.1/mybatis-spring-1.3.1.jar:/Users/cuijun/.m2/repository/mysql/mysql-connector-java/5.1.44/mysql-connector-java-5.1.44.jar:/Users/cuijun/.m2/repository/commons-dbcp/commons-dbcp/1.2.2/commons-dbcp-1.2.2.jar:/Users/cuijun/.m2/repository/commons-pool/commons-pool/1.3/commons-pool-1.3.jar:/Users/cuijun/.m2/repository/net/coobird/thumbnailator/0.4.8/thumbnailator-0.4.8.jar:/Users/cuijun/.m2/repository/commons-fileupload/commons-fileupload/1.3.2/commons-fileupload-1.3.2.jar:/Users/cuijun/.m2/repository/commons-io/commons-io/2.2/commons-io-2.2.jar:/Users/cuijun/.m2/repository/redis/clients/jedis/2.9.0/jedis-2.9.0.jar:/Users/cuijun/.m2/repository/org/apache/commons/commons-pool2/2.4.2/commons-pool2-2.4.2.jar:/Users/cuijun/.m2/repository/org/springframework/data/spring-data-redis/1.8.6.RELEASE/spring-data-redis-1.8.6.RELEASE.jar:/Users/cuijun/.m2/repository/org/springframework/data/spring-data-keyvalue/1.2.6.RELEASE/spring-data-keyvalue-1.2.6.RELEASE.jar:/Users/cuijun/.m2/repository/org/springframework/data/spring-data-commons/1.13.6.RELEASE/spring-data-commons-1.13.6.RELEASE.jar:/Users/cuijun/.m2/repository/org/springframework/spring-oxm/4.3.10.RELEASE/spring-oxm-4.3.10.RELEASE.jar:/Users/cuijun/.m2/repository/org/springframework/spring-context-support/4.3.10.RELEASE/spring-context-support-4.3.10.RELEASE.jar:/Users/cuijun/.m2/repository/org/slf4j/slf4j-api/1.7.25/slf4j-api-1.7.25.jar:/Users/cuijun/.m2/repository/org/slf4j/jcl-over-slf4j/1.7.25/jcl-over-slf4j-1.7.25.jar:/Users/cuijun/.m2/repository/junit/junit/4.12/junit-4.12.jar:/Users/cuijun/.m2/repository/org/hamcrest/hamcrest-core/1.3/hamcrest-core-1.3.jar:/Users/cuijun/.m2/repository/log4j/log4j/1.2.17/log4j-1.2.17.jar:/Users/cuijun/.m2/repository/javax/servlet/jstl/1.2/jstl-1.2.jar:/Users/cuijun/.m2/repository/org/apache/lucene/lucene-core/6.0.1/lucene-core-6.0.1.jar:/Users/cuijun/.m2/repository/org/apache/lucene/lucene-queryparser/6.0.1/lucene-queryparser-6.0.1.jar:/Users/cuijun/.m2/repository/org/apache/lucene/lucene-queries/6.0.1/lucene-queries-6.0.1.jar:/Users/cuijun/.m2/repository/org/apache/lucene/lucene-sandbox/6.0.1/lucene-sandbox-6.0.1.jar:/Users/cuijun/.m2/repository/org/apache/lucene/lucene-analyzers-common/6.0.1/lucene-analyzers-common-6.0.1.jar:/Users/cuijun/.m2/repository/org/apache/lucene/lucene-analyzers-smartcn/6.0.1/lucene-analyzers-smartcn-6.0.1.jar:/Users/cuijun/.m2/repository/org/apache/lucene/lucene-highlighter/6.0.1/lucene-highlighter-6.0.1.jar:/Users/cuijun/.m2/repository/org/apache/lucene/lucene-join/6.0.1/lucene-join-6.0.1.jar:/Users/cuijun/.m2/repository/org/apache/lucene/lucene-memory/6.0.1/lucene-memory-6.0.1.jar:/Users/cuijun/.m2/repository/org/apache/shiro/shiro-core/1.2.5/shiro-core-1.2.5.jar:/Users/cuijun/.m2/repository/commons-beanutils/commons-beanutils/1.8.3/commons-beanutils-1.8.3.jar:/Users/cuijun/.m2/repository/org/slf4j/slf4j-log4j12/1.7.21/slf4j-log4j12-1.7.21.jar:/Users/cuijun/.m2/repository/org/apache/shiro/shiro-web/1.2.5/shiro-web-1.2.5.jar:/Users/cuijun/.m2/repository/org/apache/shiro/shiro-spring/1.2.5/shiro-spring-1.2.5.jar:/Users/cuijun/.m2/repository/org/apache/cxf/cxf-rt-frontend-jaxws/3.1.6/cxf-rt-frontend-jaxws-3.1.6.jar:/Users/cuijun/.m2/repository/xml-resolver/xml-resolver/1.2/xml-resolver-1.2.jar:/Users/cuijun/.m2/repository/org/ow2/asm/asm/5.0.4/asm-5.0.4.jar:/Users/cuijun/.m2/repository/org/apache/cxf/cxf-rt-bindings-soap/3.1.6/cxf-rt-bindings-soap-3.1.6.jar:/Users/cuijun/.m2/repository/org/apache/cxf/cxf-rt-wsdl/3.1.6/cxf-rt-wsdl-3.1.6.jar:/Users/cuijun/.m2/repository/wsdl4j/wsdl4j/1.6.3/wsdl4j-1.6.3.jar:/Users/cuijun/.m2/repository/org/apache/cxf/cxf-rt-databinding-jaxb/3.1.6/cxf-rt-databinding-jaxb-3.1.6.jar:/Users/cuijun/.m2/repository/com/sun/xml/bind/jaxb-impl/2.2.11/jaxb-impl-2.2.11.jar:/Users/cuijun/.m2/repository/com/sun/xml/bind/jaxb-core/2.2.11/jaxb-core-2.2.11.jar:/Users/cuijun/.m2/repository/org/apache/cxf/cxf-rt-bindings-xml/3.1.6/cxf-rt-bindings-xml-3.1.6.jar:/Users/cuijun/.m2/repository/org/apache/cxf/cxf-rt-frontend-simple/3.1.6/cxf-rt-frontend-simple-3.1.6.jar:/Users/cuijun/.m2/repository/org/apache/cxf/cxf-rt-ws-addr/3.1.6/cxf-rt-ws-addr-3.1.6.jar:/Users/cuijun/.m2/repository/org/apache/cxf/cxf-rt-ws-policy/3.1.6/cxf-rt-ws-policy-3.1.6.jar:/Users/cuijun/.m2/repository/org/apache/neethi/neethi/3.0.3/neethi-3.0.3.jar:/Users/cuijun/.m2/repository/org/apache/cxf/cxf-core/3.1.6/cxf-core-3.1.6.jar:/Users/cuijun/.m2/repository/org/codehaus/woodstox/woodstox-core-asl/4.4.1/woodstox-core-asl-4.4.1.jar:/Users/cuijun/.m2/repository/org/codehaus/woodstox/stax2-api/3.1.4/stax2-api-3.1.4.jar:/Users/cuijun/.m2/repository/org/apache/ws/xmlschema/xmlschema-core/2.2.1/xmlschema-core-2.2.1.jar:/Users/cuijun/.m2/repository/org/apache/cxf/cxf-rt-transports-http/3.1.6/cxf-rt-transports-http-3.1.6.jar:/Users/cuijun/.m2/repository/javax/websocket/javax.websocket-api/1.1/javax.websocket-api-1.1.jar:/Users/cuijun/.m2/repository/org/springframework/spring-websocket/4.3.11.RELEASE/spring-websocket-4.3.11.RELEASE.jar:/Users/cuijun/.m2/repository/com/github/pagehelper/pagehelper/5.1.4/pagehelper-5.1.4.jar:/Users/cuijun/.m2/repository/com/github/jsqlparser/jsqlparser/1.0/jsqlparser-1.0.jar:/Users/cuijun/.m2/repository/com/alibaba/dubbo/2.6.4/dubbo-2.6.4.jar:/Users/cuijun/.m2/repository/org/jboss/netty/netty/3.2.5.Final/netty-3.2.5.Final.jar:/Users/cuijun/.m2/repository/org/apache/curator/curator-framework/4.0.1/curator-framework-4.0.1.jar:/Users/cuijun/.m2/repository/org/apache/curator/curator-client/4.0.1/curator-client-4.0.1.jar:/Users/cuijun/.m2/repository/org/apache/zookeeper/zookeeper/3.4.10/zookeeper-3.4.10.jar:/Users/cuijun/.m2/repository/jline/jline/0.9.94/jline-0.9.94.jar:/Users/cuijun/.m2/repository/io/netty/netty/3.10.5.Final/netty-3.10.5.Final.jar:/Users/cuijun/.m2/repository/org/javassist/javassist/3.23.1-GA/javassist-3.23.1-GA.jar:/Users/cuijun/.m2/repository/com/datastax/cassandra/cassandra-driver-core/3.1.2/cassandra-driver-core-3.1.2.jar:/Users/cuijun/.m2/repository/io/netty/netty-handler/4.0.37.Final/netty-handler-4.0.37.Final.jar:/Users/cuijun/.m2/repository/io/netty/netty-buffer/4.0.37.Final/netty-buffer-4.0.37.Final.jar:/Users/cuijun/.m2/repository/io/netty/netty-common/4.0.37.Final/netty-common-4.0.37.Final.jar:/Users/cuijun/.m2/repository/io/netty/netty-transport/4.0.37.Final/netty-transport-4.0.37.Final.jar:/Users/cuijun/.m2/repository/io/netty/netty-codec/4.0.37.Final/netty-codec-4.0.37.Final.jar:/Users/cuijun/.m2/repository/com/google/guava/guava/16.0.1/guava-16.0.1.jar:/Users/cuijun/.m2/repository/io/dropwizard/metrics/metrics-core/3.1.2/metrics-core-3.1.2.jar:/Users/cuijun/.m2/repository/com/github/jnr/jnr-ffi/2.0.7/jnr-ffi-2.0.7.jar:/Users/cuijun/.m2/repository/com/github/jnr/jffi/1.2.10/jffi-1.2.10.jar:/Users/cuijun/.m2/repository/com/github/jnr/jffi/1.2.10/jffi-1.2.10-native.jar:/Users/cuijun/.m2/repository/org/ow2/asm/asm-commons/5.0.3/asm-commons-5.0.3.jar:/Users/cuijun/.m2/repository/org/ow2/asm/asm-analysis/5.0.3/asm-analysis-5.0.3.jar:/Users/cuijun/.m2/repository/org/ow2/asm/asm-tree/5.0.3/asm-tree-5.0.3.jar:/Users/cuijun/.m2/repository/org/ow2/asm/asm-util/5.0.3/asm-util-5.0.3.jar:/Users/cuijun/.m2/repository/com/github/jnr/jnr-x86asm/1.0.2/jnr-x86asm-1.0.2.jar:/Users/cuijun/.m2/repository/com/github/jnr/jnr-posix/3.0.27/jnr-posix-3.0.27.jar:/Users/cuijun/.m2/repository/com/github/jnr/jnr-constants/0.9.0/jnr-constants-0.9.0.jar:
[org.apache.zookeeper.ZooKeeper] - Client environment:java.library.path=/Users/cuijun/Library/Java/Extensions:/Library/Java/Extensions:/Network/Library/Java/Extensions:/System/Library/Java/Extensions:/usr/lib/java:.
[org.apache.zookeeper.ZooKeeper] - Client environment:java.io.tmpdir=/var/folders/wc/6gkj65nx49d7h1xss9v3jnvw0000gn/T/
[org.apache.zookeeper.ZooKeeper] - Client environment:java.compiler=&lt;NA&gt;
[org.apache.zookeeper.ZooKeeper] - Client environment:os.name=Mac OS X
[org.apache.zookeeper.ZooKeeper] - Client environment:os.arch=x86_64
[org.apache.zookeeper.ZooKeeper] - Client environment:os.version=10.14
[org.apache.zookeeper.ZooKeeper] - Client environment:user.name=cuijun
[org.apache.zookeeper.ZooKeeper] - Client environment:user.home=/Users/cuijun
[org.apache.zookeeper.ZooKeeper] - Client environment:user.dir=/Users/cuijun/code/repo-personal/ssm-service
[org.apache.zookeeper.ZooKeeper] - Initiating client connection, connectString=127.0.0.1:2181 sessionTimeout=60000 watcher=org.apache.curator.ConnectionState@6c2d4cc6
[org.apache.zookeeper.ClientCnxn] - Opening socket connection to server 127.0.0.1/127.0.0.1:2181. Will not attempt to authenticate using SASL (unknown error)
[org.apache.curator.framework.imps.CuratorFrameworkImpl] - Default schema
[org.apache.zookeeper.ClientCnxn] - Socket connection established to 127.0.0.1/127.0.0.1:2181, initiating session
[org.apache.zookeeper.ClientCnxn] - Session establishment complete on server 127.0.0.1/127.0.0.1:2181, sessionid = 0x1000977c7bf0028, negotiated timeout = 40000
[com.alibaba.dubbo.registry.zookeeper.ZookeeperRegistry] -  [DUBBO] Register: consumer://192.168.30.21/api.UserApi?application=ssm-service&amp;category=consumers&amp;check=false&amp;dubbo=2.0.2&amp;interface=api.UserApi&amp;methods=getUserDTO&amp;pid=10693&amp;revision=1.0-SNAPSHOT&amp;side=consumer&amp;timestamp=1542353682357, dubbo version: 2.6.4, current host: 192.168.30.21
[org.apache.curator.framework.state.ConnectionStateManager] - State change: CONNECTED
[com.alibaba.dubbo.registry.zookeeper.ZookeeperRegistry] -  [DUBBO] Subscribe: consumer://192.168.30.21/api.UserApi?application=ssm-service&amp;category=providers,configurators,routers&amp;check=false&amp;dubbo=2.0.2&amp;interface=api.UserApi&amp;methods=getUserDTO&amp;pid=10693&amp;revision=1.0-SNAPSHOT&amp;side=consumer&amp;timestamp=1542353682357, dubbo version: 2.6.4, current host: 192.168.30.21
[com.alibaba.dubbo.registry.zookeeper.ZookeeperRegistry] -  [DUBBO] Notify urls for subscribe url consumer://192.168.30.21/api.UserApi?application=ssm-service&amp;category=providers,configurators,routers&amp;check=false&amp;dubbo=2.0.2&amp;interface=api.UserApi&amp;methods=getUserDTO&amp;pid=10693&amp;revision=1.0-SNAPSHOT&amp;side=consumer&amp;timestamp=1542353682357, urls: [empty://192.168.30.21/api.UserApi?application=ssm-service&amp;category=providers&amp;check=false&amp;dubbo=2.0.2&amp;interface=api.UserApi&amp;methods=getUserDTO&amp;pid=10693&amp;revision=1.0-SNAPSHOT&amp;side=consumer&amp;timestamp=1542353682357, empty://192.168.30.21/api.UserApi?application=ssm-service&amp;category=configurators&amp;check=false&amp;dubbo=2.0.2&amp;interface=api.UserApi&amp;methods=getUserDTO&amp;pid=10693&amp;revision=1.0-SNAPSHOT&amp;side=consumer&amp;timestamp=1542353682357, empty://192.168.30.21/api.UserApi?application=ssm-service&amp;category=routers&amp;check=false&amp;dubbo=2.0.2&amp;interface=api.UserApi&amp;methods=getUserDTO&amp;pid=10693&amp;revision=1.0-SNAPSHOT&amp;side=consumer&amp;timestamp=1542353682357], dubbo version: 2.6.4, current host: 192.168.30.21
[com.alibaba.dubbo.config.AbstractConfig] -  [DUBBO] Refer dubbo service api.UserApi from url zookeeper://127.0.0.1:2181/com.alibaba.dubbo.registry.RegistryService?application=ssm-service&amp;check=false&amp;dubbo=2.0.2&amp;interface=api.UserApi&amp;methods=getUserDTO&amp;pid=10693&amp;register.ip=192.168.30.21&amp;revision=1.0-SNAPSHOT&amp;side=consumer&amp;timestamp=1542353682357, dubbo version: 2.6.4, current host: 192.168.30.21
</system-out>
  </testcase>
</testsuite>